
           ####    G N O M   ---   Version 4.5a revised 09/02/02     ####

                                                  Wed Mar  8 13:55:11 2017
           ===    Run No   1   ===
 Run title:  Sample description: Diamond Light Source Ltd


  Number of points omitted at the end:         663

          To optimize the performance, some input data points 
           have been joined. New number of points equals to 384

   *******   Working Directory :
   *******    Input file(s) : sample_avg.dat
           Condition P(rmin) = 0 is used. 
           Condition P(rmax) = 0 is used. 

          Experimental conditions for the first run
          -----------------------------------------

          Highest ALPHA is found to be   0.2601E+03

  The measure of inconsistency AN1 equals to    0.1114E+01

          Warning: using the chosen range in the real space 
             it is not possible to fit the data set within the
             given error band. 
     Alpha    Discrp  Oscill  Stabil  Sysdev  Positv  Valcen    Total   
  0.2601E+06 83.2406  1.0981  0.9216  0.1775  1.0000  0.8789  0.00001
  0.5203E+05 66.2808  1.0885  0.7269  0.1567  1.0000  0.8827  0.00001
  0.1041E+05 36.0076  1.0672  0.3793  0.0209  1.0000  0.8949  0.00001
  0.2081E+04 14.9545  1.0879  0.1393  0.0209  1.0000  0.9138  0.00001
  0.4162E+03  5.3111  1.1843  0.0705  0.2037  1.0000  0.9289  0.00001
  0.8324E+02  1.5615  1.2581  0.0296  0.6005  1.0000  0.9364  0.66160
  0.1665E+02  0.6998  1.2839  0.0078  0.8198  1.0000  0.9384  0.83522
  0.3330E+01  0.6264  1.2901  0.0018  0.8616  1.0000  0.9388  0.87389
  0.6660E+00  0.6229  1.2916  0.0016  0.8930  1.0000  0.9389  0.90034
  0.1332E+00  0.6224  1.2935  0.0052  0.8930  1.0000  0.9390  0.83123
  0.2664E-01  0.6218  1.3071  0.0093  0.8825  1.0000  0.9391  0.68286
  0.5328E-02  0.6214  1.3342  0.0057  0.8825  1.0000  0.9392  0.62546
  0.1066E-02  0.6214  1.3522  0.0097  0.8721  0.9999  0.9396  0.10000
  0.2131E-03  0.6214  1.4577  0.0457  0.8721  0.9999  0.9413  0.58274
  0.4262E-04  0.6212  2.8985  0.2056  0.8721  0.9975  0.9426  0.10000
  0.8524E-05  0.6206  8.1105  0.5518  0.8825  0.9615  0.8238  0.10000
  0.1705E-05  0.6195 10.6904  0.5207  0.8825  0.8617  0.4780  0.10000
  0.3410E-06  0.6185 11.1473  0.6416  0.8930  0.7866  0.4059  0.10000
  0.6819E-07  0.6158 12.8116  0.7754  0.8825  0.7329  0.3481  0.10000
  0.1364E-07  0.6096 13.8403  0.5414  0.8930  0.7152  0.3453  0.10000
  0.2728E-08  0.6044 15.7307  0.4916  0.8930  0.7130  0.3667  0.10000
  0.5455E-09  0.5970 18.0606  0.9073  0.8930  0.7059  0.3323  0.10000
  0.1091E-09  0.5730 18.4435  0.7398  0.8721  0.6908  0.4236  0.10000
  0.2182E-10  0.5188 22.6290  0.5368  0.9138  0.6942  0.4456  0.10000
  0.4364E-11  0.4189 31.6546  0.4860  0.8930  0.7090  0.3584  0.10000
  0.8729E-12  0.2804 40.3442  0.3840  0.9034  0.7196  0.3212  0.10000
  0.1746E-12  0.1486 47.0114  0.3100  0.9034  0.7276  0.3521  0.10000
  0.3492E-13  0.0525 50.5485  0.1548  0.9347  0.7092  0.4041  0.10000
  0.6983E-14  0.0127 51.6106  0.0424  0.9556  0.6946  0.4279  0.10000
  0.1397E-14  0.0027 51.8467  0.0091  0.9556  0.6905  0.4338  0.10000
  0.2793E-15  0.0005 51.8950  0.0019  0.9556  0.6897  0.4350  0.10000

          ***  Golden section search to maximize estimate ***
     Alpha    Discrp  Oscill  Stabil  Sysdev  Positv  Valcen    Total   
  0.3601E+00  0.6227  1.2919  0.0025  0.8930  1.0000  0.9389  0.88639
  0.8422E+00  0.6231  1.2914  0.0014  0.8930  1.0000  0.9389  0.90015
  0.5266E+00  0.6229  1.2917  0.0019  0.8930  1.0000  0.9389  0.89674
  0.7284E+00  0.6230  1.2915  0.0015  0.8930  1.0000  0.9389  0.90023
  0.6088E+00  0.6229  1.2916  0.0017  0.8930  1.0000  0.9389  0.89954
  0.6892E+00  0.6230  1.2915  0.0016  0.8930  1.0000  0.9389  0.90029
  0.6435E+00  0.6229  1.2916  0.0016  0.8930  1.0000  0.9389  0.90039
  0.6300E+00  0.6229  1.2916  0.0017  0.8930  1.0000  0.9389  0.90012
  0.6520E+00  0.6229  1.2916  0.0016  0.8930  1.0000  0.9389  0.90037
  0.6383E+00  0.6229  1.2916  0.0017  0.8930  1.0000  0.9389  0.90034
  0.6467E+00  0.6229  1.2916  0.0016  0.8930  1.0000  0.9389  0.90038
  0.6415E+00  0.6229  1.2916  0.0016  0.8930  1.0000  0.9389  0.90039
  0.6403E+00  0.6229  1.2916  0.0016  0.8930  1.0000  0.9389  0.90039
  0.6423E+00  0.6229  1.2916  0.0016  0.8930  1.0000  0.9389  0.90039
  0.6411E+00  0.6229  1.2916  0.0016  0.8930  1.0000  0.9389  0.90040
  0.6408E+00  0.6229  1.2916  0.0016  0.8930  1.0000  0.9389  0.90040
  0.6406E+00  0.6229  1.2916  0.0016  0.8930  1.0000  0.9389  0.90040
  0.6408E+00  0.6229  1.2916  0.0016  0.8930  1.0000  0.9389  0.90040



             ####            Final results            ####

 Parameter    DISCRP    OSCILL    STABIL    SYSDEV    POSITV    VALCEN
 Weight        1.000     3.000     3.000     4.000     1.000     1.000
 Sigma         0.500     0.600     0.120     0.200     0.120     0.120
 Ideal         1.000     1.100     0.000     1.000     1.000     0.950
 Current       0.623     1.292     0.002     0.893     1.000     0.939
                - - - - - - - - - - - - - - - - - - - - - - - - - 
 Estimate      0.566     0.903     1.000     0.751     1.000     0.991

  Angular   range    :     from    0.0045   to    0.2818
  Real space range   :     from      0.00   to     90.78

  Highest ALPHA (theor) :   0.260E+06                 JOB = 0
  Current ALPHA         :   0.641E+00   Rg :  0.281E+02   I(0) :   0.946E-01

           Total  estimate : 0.900  which is  AN EXCELLENT  solution

      S          J EXP       ERROR       J REG       I REG

  0.0000E+00                                      0.9461E-01
  0.7472E-03                                      0.9459E-01
  0.1494E-02                                      0.9455E-01
  0.2242E-02                                      0.9448E-01
  0.2989E-02                                      0.9439E-01
  0.3736E-02                                      0.9426E-01
  0.4483E-02  0.6237E-01  0.4935E-02  0.9411E-01  0.9411E-01
  0.5208E-02  0.8039E-01  0.3199E-02  0.9394E-01  0.9394E-01
  0.5933E-02  0.8434E-01  0.2258E-02  0.9374E-01  0.9374E-01
  0.6657E-02  0.8605E-01  0.1689E-02  0.9351E-01  0.9351E-01
  0.7382E-02  0.8958E-01  0.1382E-02  0.9326E-01  0.9326E-01
  0.8107E-02  0.8839E-01  0.1167E-02  0.9299E-01  0.9299E-01
  0.8832E-02  0.8995E-01  0.1027E-02  0.9269E-01  0.9269E-01
  0.9557E-02  0.9048E-01  0.9152E-03  0.9236E-01  0.9236E-01
  0.1028E-01  0.9230E-01  0.8397E-03  0.9202E-01  0.9202E-01
  0.1101E-01  0.9126E-01  0.7774E-03  0.9164E-01  0.9164E-01
  0.1173E-01  0.8898E-01  0.7234E-03  0.9125E-01  0.9125E-01
  0.1246E-01  0.9004E-01  0.6861E-03  0.9083E-01  0.9083E-01
  0.1318E-01  0.8979E-01  0.6457E-03  0.9038E-01  0.9038E-01
  0.1391E-01  0.9103E-01  0.6255E-03  0.8992E-01  0.8992E-01
  0.1463E-01  0.8918E-01  0.6014E-03  0.8943E-01  0.8943E-01
  0.1535E-01  0.8820E-01  0.5758E-03  0.8892E-01  0.8892E-01
  0.1608E-01  0.8893E-01  0.5544E-03  0.8839E-01  0.8839E-01
  0.1680E-01  0.8818E-01  0.5349E-03  0.8783E-01  0.8783E-01
  0.1753E-01  0.8779E-01  0.5261E-03  0.8726E-01  0.8726E-01
  0.1825E-01  0.8689E-01  0.5016E-03  0.8666E-01  0.8666E-01
  0.1898E-01  0.8581E-01  0.4844E-03  0.8605E-01  0.8605E-01
  0.1970E-01  0.8582E-01  0.4749E-03  0.8542E-01  0.8542E-01
  0.2043E-01  0.8520E-01  0.4610E-03  0.8476E-01  0.8476E-01
  0.2115E-01  0.8403E-01  0.4503E-03  0.8409E-01  0.8409E-01
  0.2188E-01  0.8294E-01  0.4419E-03  0.8340E-01  0.8340E-01
  0.2260E-01  0.8363E-01  0.4364E-03  0.8269E-01  0.8269E-01
  0.2333E-01  0.8285E-01  0.4255E-03  0.8197E-01  0.8197E-01
  0.2405E-01  0.8153E-01  0.4146E-03  0.8122E-01  0.8122E-01
  0.2478E-01  0.8066E-01  0.4113E-03  0.8047E-01  0.8047E-01
  0.2550E-01  0.7928E-01  0.3981E-03  0.7969E-01  0.7969E-01
  0.2623E-01  0.7860E-01  0.3916E-03  0.7891E-01  0.7891E-01
  0.2695E-01  0.7883E-01  0.3881E-03  0.7810E-01  0.7810E-01
  0.2768E-01  0.7697E-01  0.3805E-03  0.7729E-01  0.7729E-01
  0.2840E-01  0.7684E-01  0.3738E-03  0.7646E-01  0.7646E-01
  0.2913E-01  0.7565E-01  0.3674E-03  0.7562E-01  0.7562E-01
  0.2985E-01  0.7544E-01  0.3648E-03  0.7476E-01  0.7476E-01
  0.3057E-01  0.7479E-01  0.3566E-03  0.7390E-01  0.7390E-01
  0.3130E-01  0.7325E-01  0.3513E-03  0.7302E-01  0.7302E-01
  0.3202E-01  0.7292E-01  0.3478E-03  0.7213E-01  0.7213E-01
  0.3275E-01  0.7144E-01  0.3397E-03  0.7124E-01  0.7124E-01
  0.3347E-01  0.7076E-01  0.3342E-03  0.7033E-01  0.7033E-01
  0.3420E-01  0.6934E-01  0.3298E-03  0.6942E-01  0.6942E-01
  0.3492E-01  0.6861E-01  0.3262E-03  0.6850E-01  0.6850E-01
  0.3565E-01  0.6735E-01  0.3197E-03  0.6757E-01  0.6757E-01
  0.3637E-01  0.6612E-01  0.3147E-03  0.6663E-01  0.6663E-01
  0.3710E-01  0.6589E-01  0.3132E-03  0.6569E-01  0.6569E-01
  0.3782E-01  0.6478E-01  0.3072E-03  0.6474E-01  0.6474E-01
  0.3855E-01  0.6345E-01  0.3017E-03  0.6379E-01  0.6379E-01
  0.3927E-01  0.6274E-01  0.2986E-03  0.6283E-01  0.6283E-01
  0.4000E-01  0.6187E-01  0.2966E-03  0.6187E-01  0.6187E-01
  0.4072E-01  0.6115E-01  0.2911E-03  0.6091E-01  0.6091E-01
  0.4145E-01  0.6016E-01  0.2882E-03  0.5994E-01  0.5994E-01
  0.4217E-01  0.5879E-01  0.2845E-03  0.5897E-01  0.5897E-01
  0.4290E-01  0.5767E-01  0.2793E-03  0.5800E-01  0.5800E-01
  0.4362E-01  0.5690E-01  0.2763E-03  0.5703E-01  0.5703E-01
  0.4435E-01  0.5602E-01  0.2745E-03  0.5606E-01  0.5606E-01
  0.4507E-01  0.5584E-01  0.2788E-03  0.5509E-01  0.5509E-01
  0.4579E-01  0.5388E-01  0.2881E-03  0.5412E-01  0.5412E-01
  0.4652E-01  0.5310E-01  0.2921E-03  0.5315E-01  0.5315E-01
  0.4724E-01  0.5205E-01  0.2941E-03  0.5219E-01  0.5219E-01
  0.4797E-01  0.5126E-01  0.2962E-03  0.5122E-01  0.5122E-01
  0.4869E-01  0.4985E-01  0.2967E-03  0.5026E-01  0.5026E-01
  0.4942E-01  0.4910E-01  0.2936E-03  0.4930E-01  0.4930E-01
  0.5014E-01  0.4830E-01  0.2777E-03  0.4835E-01  0.4835E-01
  0.5087E-01  0.4766E-01  0.2700E-03  0.4740E-01  0.4740E-01
  0.5159E-01  0.4656E-01  0.2633E-03  0.4645E-01  0.4645E-01
  0.5232E-01  0.4532E-01  0.2596E-03  0.4551E-01  0.4551E-01
  0.5304E-01  0.4475E-01  0.2533E-03  0.4458E-01  0.4458E-01
  0.5377E-01  0.4426E-01  0.2515E-03  0.4365E-01  0.4365E-01
  0.5449E-01  0.4232E-01  0.2467E-03  0.4273E-01  0.4273E-01
  0.5522E-01  0.4140E-01  0.2416E-03  0.4181E-01  0.4181E-01
  0.5594E-01  0.4144E-01  0.2407E-03  0.4091E-01  0.4091E-01
  0.5667E-01  0.4025E-01  0.2377E-03  0.4001E-01  0.4001E-01
  0.5739E-01  0.3866E-01  0.2325E-03  0.3911E-01  0.3911E-01
  0.5812E-01  0.3821E-01  0.2300E-03  0.3823E-01  0.3823E-01
  0.5884E-01  0.3737E-01  0.2282E-03  0.3736E-01  0.3736E-01
  0.5957E-01  0.3639E-01  0.2256E-03  0.3649E-01  0.3649E-01
  0.6029E-01  0.3554E-01  0.2221E-03  0.3563E-01  0.3563E-01
  0.6101E-01  0.3469E-01  0.2198E-03  0.3479E-01  0.3479E-01
  0.6174E-01  0.3335E-01  0.2192E-03  0.3395E-01  0.3395E-01
  0.6246E-01  0.3303E-01  0.2185E-03  0.3312E-01  0.3312E-01
  0.6319E-01  0.3230E-01  0.2189E-03  0.3231E-01  0.3231E-01
  0.6391E-01  0.3178E-01  0.2160E-03  0.3150E-01  0.3150E-01
  0.6464E-01  0.3093E-01  0.2136E-03  0.3071E-01  0.3071E-01
  0.6536E-01  0.2970E-01  0.2083E-03  0.2992E-01  0.2992E-01
  0.6609E-01  0.2907E-01  0.2065E-03  0.2915E-01  0.2915E-01
  0.6681E-01  0.2858E-01  0.2047E-03  0.2839E-01  0.2839E-01
  0.6754E-01  0.2751E-01  0.2019E-03  0.2764E-01  0.2764E-01
  0.6826E-01  0.2674E-01  0.1988E-03  0.2691E-01  0.2691E-01
  0.6899E-01  0.2586E-01  0.1981E-03  0.2618E-01  0.2618E-01
  0.6971E-01  0.2515E-01  0.1956E-03  0.2547E-01  0.2547E-01
  0.7044E-01  0.2494E-01  0.1974E-03  0.2477E-01  0.2477E-01
  0.7116E-01  0.2382E-01  0.1960E-03  0.2408E-01  0.2408E-01
  0.7189E-01  0.2311E-01  0.1952E-03  0.2340E-01  0.2340E-01
  0.7261E-01  0.2263E-01  0.1915E-03  0.2274E-01  0.2274E-01
  0.7334E-01  0.2201E-01  0.1901E-03  0.2209E-01  0.2209E-01
  0.7406E-01  0.2140E-01  0.1877E-03  0.2145E-01  0.2145E-01
  0.7479E-01  0.2085E-01  0.1856E-03  0.2083E-01  0.2083E-01
  0.7551E-01  0.2045E-01  0.1836E-03  0.2021E-01  0.2021E-01
  0.7623E-01  0.1961E-01  0.1814E-03  0.1961E-01  0.1961E-01
  0.7696E-01  0.1913E-01  0.1795E-03  0.1902E-01  0.1902E-01
  0.7768E-01  0.1854E-01  0.1774E-03  0.1845E-01  0.1845E-01
  0.7841E-01  0.1801E-01  0.1755E-03  0.1789E-01  0.1789E-01
  0.7913E-01  0.1744E-01  0.1750E-03  0.1734E-01  0.1734E-01
  0.7986E-01  0.1686E-01  0.1738E-03  0.1680E-01  0.1680E-01
  0.8058E-01  0.1641E-01  0.1723E-03  0.1628E-01  0.1628E-01
  0.8131E-01  0.1590E-01  0.1718E-03  0.1577E-01  0.1577E-01
  0.8203E-01  0.1546E-01  0.1700E-03  0.1527E-01  0.1527E-01
  0.8276E-01  0.1509E-01  0.1684E-03  0.1478E-01  0.1478E-01
  0.8348E-01  0.1428E-01  0.1664E-03  0.1431E-01  0.1431E-01
  0.8421E-01  0.1412E-01  0.1656E-03  0.1384E-01  0.1384E-01
  0.8493E-01  0.1370E-01  0.1632E-03  0.1339E-01  0.1339E-01
  0.8566E-01  0.1297E-01  0.1623E-03  0.1296E-01  0.1296E-01
  0.8638E-01  0.1271E-01  0.1621E-03  0.1253E-01  0.1253E-01
  0.8711E-01  0.1237E-01  0.1612E-03  0.1212E-01  0.1212E-01
  0.8783E-01  0.1150E-01  0.1593E-03  0.1171E-01  0.1171E-01
  0.8856E-01  0.1107E-01  0.1583E-03  0.1132E-01  0.1132E-01
  0.8928E-01  0.1103E-01  0.1576E-03  0.1094E-01  0.1094E-01
  0.9001E-01  0.1054E-01  0.1564E-03  0.1057E-01  0.1057E-01
  0.9073E-01  0.1015E-01  0.1552E-03  0.1021E-01  0.1021E-01
  0.9146E-01  0.1009E-01  0.1544E-03  0.9868E-02  0.9868E-02
  0.9218E-01  0.9425E-02  0.1529E-03  0.9531E-02  0.9531E-02
  0.9290E-01  0.9205E-02  0.1524E-03  0.9205E-02  0.9205E-02
  0.9363E-01  0.9257E-02  0.1525E-03  0.8890E-02  0.8890E-02
  0.9435E-01  0.8390E-02  0.1502E-03  0.8584E-02  0.8584E-02
  0.9508E-01  0.8273E-02  0.1498E-03  0.8289E-02  0.8289E-02
  0.9580E-01  0.8171E-02  0.1495E-03  0.8003E-02  0.8003E-02
  0.9653E-01  0.8051E-02  0.1501E-03  0.7727E-02  0.7727E-02
  0.9725E-01  0.7254E-02  0.1485E-03  0.7460E-02  0.7460E-02
  0.9798E-01  0.7016E-02  0.1488E-03  0.7202E-02  0.7202E-02
  0.9870E-01  0.6652E-02  0.1493E-03  0.6954E-02  0.6954E-02
  0.9943E-01  0.6844E-02  0.1493E-03  0.6714E-02  0.6714E-02
  0.1002E+00  0.6215E-02  0.1489E-03  0.6483E-02  0.6483E-02
  0.1009E+00  0.6222E-02  0.1495E-03  0.6260E-02  0.6260E-02
  0.1016E+00  0.5872E-02  0.1511E-03  0.6045E-02  0.6045E-02
  0.1023E+00  0.5747E-02  0.1577E-03  0.5838E-02  0.5838E-02
  0.1031E+00  0.5603E-02  0.1618E-03  0.5640E-02  0.5640E-02
  0.1038E+00  0.5228E-02  0.1636E-03  0.5448E-02  0.5448E-02
  0.1045E+00  0.5038E-02  0.1641E-03  0.5264E-02  0.5264E-02
  0.1052E+00  0.4788E-02  0.1608E-03  0.5087E-02  0.5087E-02
  0.1060E+00  0.4866E-02  0.1576E-03  0.4918E-02  0.4918E-02
  0.1067E+00  0.4745E-02  0.1505E-03  0.4754E-02  0.4754E-02
  0.1074E+00  0.4600E-02  0.1463E-03  0.4598E-02  0.4598E-02
  0.1081E+00  0.4375E-02  0.1445E-03  0.4448E-02  0.4448E-02
  0.1088E+00  0.4458E-02  0.1441E-03  0.4304E-02  0.4304E-02
  0.1096E+00  0.4042E-02  0.1415E-03  0.4166E-02  0.4166E-02
  0.1103E+00  0.4081E-02  0.1411E-03  0.4033E-02  0.4033E-02
  0.1110E+00  0.4033E-02  0.1409E-03  0.3907E-02  0.3907E-02
  0.1117E+00  0.3983E-02  0.1387E-03  0.3785E-02  0.3785E-02
  0.1125E+00  0.3571E-02  0.1378E-03  0.3669E-02  0.3669E-02
  0.1132E+00  0.3817E-02  0.1378E-03  0.3558E-02  0.3558E-02
  0.1139E+00  0.3567E-02  0.1363E-03  0.3452E-02  0.3452E-02
  0.1146E+00  0.3507E-02  0.1353E-03  0.3350E-02  0.3350E-02
  0.1154E+00  0.3171E-02  0.1349E-03  0.3253E-02  0.3253E-02
  0.1161E+00  0.3200E-02  0.1339E-03  0.3160E-02  0.3160E-02
  0.1168E+00  0.2947E-02  0.1325E-03  0.3071E-02  0.3071E-02
  0.1175E+00  0.2862E-02  0.1320E-03  0.2986E-02  0.2986E-02
  0.1183E+00  0.2918E-02  0.1320E-03  0.2905E-02  0.2905E-02
  0.1190E+00  0.2809E-02  0.1307E-03  0.2828E-02  0.2828E-02
  0.1197E+00  0.2779E-02  0.1299E-03  0.2754E-02  0.2754E-02
  0.1204E+00  0.2520E-02  0.1291E-03  0.2684E-02  0.2684E-02
  0.1212E+00  0.2534E-02  0.1288E-03  0.2617E-02  0.2617E-02
  0.1219E+00  0.2161E-02  0.1275E-03  0.2552E-02  0.2552E-02
  0.1226E+00  0.2596E-02  0.1281E-03  0.2491E-02  0.2491E-02
  0.1233E+00  0.2613E-02  0.1279E-03  0.2433E-02  0.2433E-02
  0.1241E+00  0.2491E-02  0.1267E-03  0.2377E-02  0.2377E-02
  0.1248E+00  0.2341E-02  0.1262E-03  0.2323E-02  0.2323E-02
  0.1255E+00  0.2136E-02  0.1255E-03  0.2272E-02  0.2272E-02
  0.1262E+00  0.2480E-02  0.1257E-03  0.2224E-02  0.2224E-02
  0.1270E+00  0.2107E-02  0.1241E-03  0.2177E-02  0.2177E-02
  0.1277E+00  0.2320E-02  0.1249E-03  0.2132E-02  0.2132E-02
  0.1284E+00  0.2005E-02  0.1242E-03  0.2090E-02  0.2090E-02
  0.1291E+00  0.1862E-02  0.1233E-03  0.2049E-02  0.2049E-02
  0.1299E+00  0.2026E-02  0.1235E-03  0.2010E-02  0.2010E-02
  0.1306E+00  0.2066E-02  0.1236E-03  0.1972E-02  0.1972E-02
  0.1313E+00  0.1948E-02  0.1228E-03  0.1937E-02  0.1937E-02
  0.1320E+00  0.1754E-02  0.1221E-03  0.1902E-02  0.1902E-02
  0.1328E+00  0.1708E-02  0.1222E-03  0.1869E-02  0.1869E-02
  0.1335E+00  0.1782E-02  0.1223E-03  0.1837E-02  0.1837E-02
  0.1342E+00  0.1892E-02  0.1215E-03  0.1806E-02  0.1806E-02
  0.1349E+00  0.2028E-02  0.1216E-03  0.1777E-02  0.1777E-02
  0.1357E+00  0.1703E-02  0.1216E-03  0.1748E-02  0.1748E-02
  0.1364E+00  0.1864E-02  0.1208E-03  0.1721E-02  0.1721E-02
  0.1371E+00  0.1710E-02  0.1204E-03  0.1694E-02  0.1694E-02
  0.1378E+00  0.1732E-02  0.1203E-03  0.1669E-02  0.1669E-02
  0.1386E+00  0.1694E-02  0.1203E-03  0.1644E-02  0.1644E-02
  0.1393E+00  0.1421E-02  0.1192E-03  0.1619E-02  0.1619E-02
  0.1400E+00  0.1635E-02  0.1198E-03  0.1596E-02  0.1596E-02
  0.1407E+00  0.1648E-02  0.1196E-03  0.1573E-02  0.1573E-02
  0.1415E+00  0.1504E-02  0.1185E-03  0.1551E-02  0.1551E-02
  0.1422E+00  0.1471E-02  0.1187E-03  0.1529E-02  0.1529E-02
  0.1429E+00  0.1696E-02  0.1188E-03  0.1508E-02  0.1508E-02
  0.1436E+00  0.1619E-02  0.1184E-03  0.1487E-02  0.1487E-02
  0.1444E+00  0.1407E-02  0.1178E-03  0.1467E-02  0.1467E-02
  0.1451E+00  0.1431E-02  0.1176E-03  0.1447E-02  0.1447E-02
  0.1458E+00  0.1684E-02  0.1179E-03  0.1427E-02  0.1427E-02
  0.1465E+00  0.1433E-02  0.1172E-03  0.1408E-02  0.1408E-02
  0.1473E+00  0.1428E-02  0.1173E-03  0.1389E-02  0.1389E-02
  0.1480E+00  0.1278E-02  0.1173E-03  0.1370E-02  0.1370E-02
  0.1487E+00  0.1408E-02  0.1169E-03  0.1352E-02  0.1352E-02
  0.1494E+00  0.1407E-02  0.1168E-03  0.1334E-02  0.1334E-02
  0.1502E+00  0.1270E-02  0.1167E-03  0.1316E-02  0.1316E-02
  0.1509E+00  0.1371E-02  0.1166E-03  0.1298E-02  0.1298E-02
  0.1516E+00  0.1212E-02  0.1160E-03  0.1281E-02  0.1281E-02
  0.1523E+00  0.1078E-02  0.1160E-03  0.1263E-02  0.1263E-02
  0.1531E+00  0.1206E-02  0.1166E-03  0.1246E-02  0.1246E-02
  0.1538E+00  0.1111E-02  0.1156E-03  0.1229E-02  0.1229E-02
  0.1545E+00  0.1061E-02  0.1153E-03  0.1212E-02  0.1212E-02
  0.1552E+00  0.1294E-02  0.1157E-03  0.1196E-02  0.1196E-02
  0.1560E+00  0.1041E-02  0.1154E-03  0.1179E-02  0.1179E-02
  0.1567E+00  0.1149E-02  0.1154E-03  0.1162E-02  0.1162E-02
  0.1574E+00  0.1254E-02  0.1154E-03  0.1146E-02  0.1146E-02
  0.1581E+00  0.1117E-02  0.1152E-03  0.1130E-02  0.1130E-02
  0.1589E+00  0.8397E-03  0.1186E-03  0.1114E-02  0.1114E-02
  0.1596E+00  0.1099E-02  0.1210E-03  0.1098E-02  0.1098E-02
  0.1603E+00  0.9523E-03  0.1221E-03  0.1082E-02  0.1082E-02
  0.1610E+00  0.9415E-03  0.1230E-03  0.1066E-02  0.1066E-02
  0.1618E+00  0.1101E-02  0.1244E-03  0.1050E-02  0.1050E-02
  0.1625E+00  0.1109E-02  0.1250E-03  0.1035E-02  0.1035E-02
  0.1632E+00  0.1012E-02  0.1231E-03  0.1019E-02  0.1019E-02
  0.1639E+00  0.9991E-03  0.1198E-03  0.1004E-02  0.1004E-02
  0.1647E+00  0.1069E-02  0.1189E-03  0.9889E-03  0.9889E-03
  0.1654E+00  0.1060E-02  0.1183E-03  0.9738E-03  0.9738E-03
  0.1661E+00  0.9443E-03  0.1171E-03  0.9588E-03  0.9588E-03
  0.1668E+00  0.1097E-02  0.1170E-03  0.9440E-03  0.9440E-03
  0.1676E+00  0.1224E-02  0.1162E-03  0.9292E-03  0.9292E-03
  0.1683E+00  0.7256E-03  0.1153E-03  0.9146E-03  0.9146E-03
  0.1690E+00  0.9772E-03  0.1150E-03  0.9001E-03  0.9001E-03
  0.1697E+00  0.7327E-03  0.1149E-03  0.8857E-03  0.8857E-03
  0.1705E+00  0.8788E-03  0.1147E-03  0.8715E-03  0.8715E-03
  0.1712E+00  0.5084E-03  0.1132E-03  0.8574E-03  0.8574E-03
  0.1719E+00  0.9088E-03  0.1135E-03  0.8435E-03  0.8435E-03
  0.1726E+00  0.7942E-03  0.1132E-03  0.8297E-03  0.8297E-03
  0.1734E+00  0.9343E-03  0.1130E-03  0.8161E-03  0.8161E-03
  0.1741E+00  0.9105E-03  0.1124E-03  0.8026E-03  0.8026E-03
  0.1748E+00  0.8441E-03  0.1121E-03  0.7892E-03  0.7892E-03
  0.1755E+00  0.8176E-03  0.1119E-03  0.7761E-03  0.7761E-03
  0.1763E+00  0.7159E-03  0.1114E-03  0.7631E-03  0.7631E-03
  0.1770E+00  0.6619E-03  0.1109E-03  0.7502E-03  0.7502E-03
  0.1777E+00  0.8851E-03  0.1114E-03  0.7375E-03  0.7375E-03
  0.1784E+00  0.7336E-03  0.1106E-03  0.7250E-03  0.7250E-03
  0.1792E+00  0.7665E-03  0.1105E-03  0.7127E-03  0.7127E-03
  0.1799E+00  0.7957E-03  0.1099E-03  0.7005E-03  0.7005E-03
  0.1806E+00  0.6803E-03  0.1098E-03  0.6885E-03  0.6885E-03
  0.1813E+00  0.4844E-03  0.1090E-03  0.6767E-03  0.6767E-03
  0.1821E+00  0.5411E-03  0.1089E-03  0.6651E-03  0.6651E-03
  0.1828E+00  0.7025E-03  0.1092E-03  0.6536E-03  0.6536E-03
  0.1835E+00  0.8807E-03  0.1086E-03  0.6423E-03  0.6423E-03
  0.1842E+00  0.5774E-03  0.1083E-03  0.6312E-03  0.6312E-03
  0.1849E+00  0.5459E-03  0.1081E-03  0.6203E-03  0.6203E-03
  0.1857E+00  0.4472E-03  0.1077E-03  0.6096E-03  0.6096E-03
  0.1864E+00  0.7082E-03  0.1075E-03  0.5990E-03  0.5990E-03
  0.1871E+00  0.6276E-03  0.1079E-03  0.5887E-03  0.5887E-03
  0.1878E+00  0.3784E-03  0.1073E-03  0.5785E-03  0.5785E-03
  0.1886E+00  0.6765E-03  0.1069E-03  0.5685E-03  0.5685E-03
  0.1893E+00  0.5781E-03  0.1069E-03  0.5587E-03  0.5587E-03
  0.1900E+00  0.4718E-03  0.1067E-03  0.5490E-03  0.5490E-03
  0.1907E+00  0.5809E-03  0.1069E-03  0.5396E-03  0.5396E-03
  0.1915E+00  0.6224E-03  0.1066E-03  0.5303E-03  0.5303E-03
  0.1922E+00  0.4509E-03  0.1063E-03  0.5212E-03  0.5212E-03
  0.1929E+00  0.6088E-03  0.1063E-03  0.5122E-03  0.5122E-03
  0.1936E+00  0.7379E-03  0.1064E-03  0.5035E-03  0.5035E-03
  0.1944E+00  0.5430E-03  0.1059E-03  0.4949E-03  0.4949E-03
  0.1951E+00  0.5099E-03  0.1060E-03  0.4865E-03  0.4865E-03
  0.1958E+00  0.5242E-03  0.1058E-03  0.4783E-03  0.4783E-03
  0.1965E+00  0.4426E-03  0.1055E-03  0.4702E-03  0.4702E-03
  0.1973E+00  0.5027E-03  0.1054E-03  0.4623E-03  0.4623E-03
  0.1980E+00  0.2426E-03  0.1053E-03  0.4545E-03  0.4545E-03
  0.1987E+00  0.4811E-03  0.1050E-03  0.4469E-03  0.4469E-03
  0.1994E+00  0.3597E-03  0.1052E-03  0.4395E-03  0.4395E-03
  0.2002E+00  0.4633E-03  0.1057E-03  0.4322E-03  0.4322E-03
  0.2009E+00  0.6152E-03  0.1051E-03  0.4251E-03  0.4251E-03
  0.2016E+00  0.3945E-03  0.1051E-03  0.4182E-03  0.4182E-03
  0.2023E+00  0.5126E-03  0.1051E-03  0.4113E-03  0.4113E-03
  0.2031E+00  0.3860E-03  0.1052E-03  0.4046E-03  0.4046E-03
  0.2038E+00  0.2273E-03  0.1051E-03  0.3981E-03  0.3981E-03
  0.2045E+00  0.2861E-03  0.1049E-03  0.3917E-03  0.3917E-03
  0.2052E+00  0.3631E-03  0.1054E-03  0.3855E-03  0.3855E-03
  0.2060E+00  0.3036E-03  0.1051E-03  0.3793E-03  0.3793E-03
  0.2067E+00  0.4475E-03  0.1050E-03  0.3733E-03  0.3733E-03
  0.2074E+00  0.3523E-03  0.1052E-03  0.3675E-03  0.3675E-03
  0.2081E+00  0.5315E-03  0.1053E-03  0.3617E-03  0.3617E-03
  0.2089E+00  0.2586E-03  0.1048E-03  0.3561E-03  0.3561E-03
  0.2096E+00  0.4052E-03  0.1053E-03  0.3506E-03  0.3506E-03
  0.2103E+00  0.3619E-03  0.1054E-03  0.3452E-03  0.3452E-03
  0.2110E+00  0.4201E-03  0.1053E-03  0.3399E-03  0.3399E-03
  0.2118E+00  0.1779E-03  0.1047E-03  0.3348E-03  0.3348E-03
  0.2125E+00  0.5185E-04  0.1050E-03  0.3297E-03  0.3297E-03
  0.2132E+00  0.2577E-03  0.1049E-03  0.3248E-03  0.3248E-03
  0.2139E+00  0.5221E-03  0.1052E-03  0.3200E-03  0.3200E-03
  0.2147E+00  0.3673E-03  0.1052E-03  0.3152E-03  0.3152E-03
  0.2154E+00  0.3378E-03  0.1079E-03  0.3106E-03  0.3106E-03
  0.2161E+00  0.2381E-03  0.1101E-03  0.3061E-03  0.3061E-03
  0.2168E+00  0.2140E-03  0.1120E-03  0.3017E-03  0.3017E-03
  0.2176E+00  0.5256E-04  0.1123E-03  0.2973E-03  0.2973E-03
  0.2183E+00  0.3363E-03  0.1136E-03  0.2931E-03  0.2931E-03
  0.2190E+00  0.3101E-03  0.1148E-03  0.2889E-03  0.2889E-03
  0.2197E+00  0.1119E-03  0.1136E-03  0.2848E-03  0.2848E-03
  0.2205E+00  0.5321E-03  0.1113E-03  0.2808E-03  0.2808E-03
  0.2212E+00  0.3091E-03  0.1096E-03  0.2769E-03  0.2769E-03
  0.2219E+00  0.3379E-03  0.1092E-03  0.2731E-03  0.2731E-03
  0.2226E+00  0.2432E-03  0.1091E-03  0.2694E-03  0.2694E-03
  0.2234E+00  0.2147E-03  0.1080E-03  0.2657E-03  0.2657E-03
  0.2241E+00  0.2273E-03  0.1077E-03  0.2621E-03  0.2621E-03
  0.2248E+00  0.2351E-03  0.1079E-03  0.2586E-03  0.2586E-03
  0.2255E+00  0.1543E-03  0.1073E-03  0.2552E-03  0.2552E-03
  0.2263E+00  0.2454E-03  0.1068E-03  0.2518E-03  0.2518E-03
  0.2270E+00  0.1451E-03  0.1064E-03  0.2485E-03  0.2485E-03
  0.2277E+00  0.2490E-03  0.1066E-03  0.2453E-03  0.2453E-03
  0.2284E+00  0.1804E-03  0.1062E-03  0.2422E-03  0.2422E-03
  0.2292E+00  0.2775E-03  0.1061E-03  0.2391E-03  0.2391E-03
  0.2299E+00  0.2901E-03  0.1066E-03  0.2361E-03  0.2361E-03
  0.2306E+00  0.4312E-03  0.1066E-03  0.2331E-03  0.2331E-03
  0.2313E+00  0.3335E-03  0.1065E-03  0.2303E-03  0.2303E-03
  0.2321E+00  0.1659E-03  0.1065E-03  0.2274E-03  0.2274E-03
  0.2328E+00  0.1806E-03  0.1064E-03  0.2247E-03  0.2247E-03
  0.2335E+00  0.3817E-03  0.1065E-03  0.2220E-03  0.2220E-03
  0.2342E+00  0.2671E-03  0.1067E-03  0.2194E-03  0.2194E-03
  0.2350E+00  0.4136E-03  0.1069E-03  0.2168E-03  0.2168E-03
  0.2357E+00  0.1648E-03  0.1061E-03  0.2143E-03  0.2143E-03
  0.2364E+00  0.1938E-03  0.1065E-03  0.2118E-03  0.2118E-03
  0.2371E+00  0.1632E-03  0.1065E-03  0.2094E-03  0.2094E-03
  0.2379E+00  0.1547E-03  0.1064E-03  0.2071E-03  0.2071E-03
  0.2386E+00  0.1712E-03  0.1064E-03  0.2048E-03  0.2048E-03
  0.2393E+00  0.1818E-03  0.1065E-03  0.2026E-03  0.2026E-03
  0.2400E+00  0.5015E-04  0.1064E-03  0.2004E-03  0.2004E-03
  0.2408E+00  0.1132E-03  0.1065E-03  0.1983E-03  0.1983E-03
  0.2415E+00  0.2235E-03  0.1064E-03  0.1962E-03  0.1962E-03
  0.2422E+00  0.3569E-03  0.1071E-03  0.1942E-03  0.1942E-03
  0.2429E+00  0.5886E-03  0.1073E-03  0.1922E-03  0.1922E-03
  0.2437E+00  0.2155E-03  0.1065E-03  0.1903E-03  0.1903E-03
  0.2444E+00  0.1045E-03  0.1064E-03  0.1885E-03  0.1885E-03
  0.2451E+00  0.6279E-04  0.1068E-03  0.1867E-03  0.1867E-03
  0.2458E+00  0.2188E-03  0.1066E-03  0.1849E-03  0.1849E-03
  0.2466E+00  0.1699E-03  0.1065E-03  0.1832E-03  0.1832E-03
  0.2473E+00  0.1463E-03  0.1068E-03  0.1815E-03  0.1815E-03
  0.2480E+00  0.1317E-03  0.1067E-03  0.1799E-03  0.1799E-03
  0.2487E+00  0.1034E-03  0.1063E-03  0.1784E-03  0.1784E-03
  0.2495E+00  0.1539E-03  0.1067E-03  0.1768E-03  0.1768E-03
  0.2502E+00  0.1523E-03  0.1067E-03  0.1754E-03  0.1754E-03
  0.2509E+00  0.4662E-03  0.1067E-03  0.1739E-03  0.1739E-03
  0.2516E+00  0.3178E-03  0.1064E-03  0.1725E-03  0.1725E-03
  0.2524E+00  0.1101E-03  0.1062E-03  0.1712E-03  0.1712E-03
  0.2531E+00  0.4610E-03  0.1066E-03  0.1699E-03  0.1699E-03
  0.2538E+00  0.1607E-05  0.1060E-03  0.1686E-03  0.1686E-03
  0.2545E+00  0.5377E-04  0.1059E-03  0.1674E-03  0.1674E-03
  0.2553E+00  0.2370E-03  0.1064E-03  0.1662E-03  0.1662E-03
  0.2560E+00 -0.5980E-05  0.1058E-03  0.1651E-03  0.1651E-03
  0.2567E+00  0.3649E-04  0.1059E-03  0.1640E-03  0.1640E-03
  0.2574E+00  0.8599E-04  0.1058E-03  0.1629E-03  0.1629E-03
  0.2582E+00 -0.1136E-04  0.1054E-03  0.1619E-03  0.1619E-03
  0.2589E+00  0.2044E-03  0.1057E-03  0.1609E-03  0.1609E-03
  0.2596E+00  0.1589E-03  0.1054E-03  0.1600E-03  0.1600E-03
  0.2603E+00  0.9820E-04  0.1057E-03  0.1591E-03  0.1591E-03
  0.2611E+00  0.2068E-03  0.1055E-03  0.1582E-03  0.1582E-03
  0.2618E+00 -0.1467E-03  0.1051E-03  0.1573E-03  0.1573E-03
  0.2625E+00  0.3375E-03  0.1063E-03  0.1565E-03  0.1565E-03
  0.2632E+00  0.6026E-03  0.1058E-03  0.1557E-03  0.1557E-03
  0.2639E+00 -0.1224E-04  0.1054E-03  0.1549E-03  0.1549E-03
  0.2647E+00  0.2318E-03  0.1060E-03  0.1542E-03  0.1542E-03
  0.2654E+00  0.6116E-04  0.1059E-03  0.1535E-03  0.1535E-03
  0.2661E+00  0.2532E-04  0.1055E-03  0.1528E-03  0.1528E-03
  0.2668E+00  0.1133E-03  0.1057E-03  0.1522E-03  0.1522E-03
  0.2676E+00 -0.9326E-04  0.1057E-03  0.1516E-03  0.1516E-03
  0.2683E+00 -0.5904E-04  0.1053E-03  0.1510E-03  0.1510E-03
  0.2690E+00  0.2832E-06  0.1057E-03  0.1504E-03  0.1504E-03
  0.2697E+00  0.1720E-03  0.1056E-03  0.1498E-03  0.1498E-03
  0.2705E+00  0.1834E-03  0.1060E-03  0.1493E-03  0.1493E-03
  0.2712E+00  0.2252E-03  0.1057E-03  0.1488E-03  0.1488E-03
  0.2719E+00  0.3363E-03  0.1084E-03  0.1483E-03  0.1483E-03
  0.2726E+00  0.2161E-03  0.1122E-03  0.1479E-03  0.1479E-03
  0.2734E+00  0.5505E-03  0.1154E-03  0.1474E-03  0.1474E-03
  0.2741E+00  0.2291E-03  0.1162E-03  0.1470E-03  0.1470E-03
  0.2748E+00  0.2676E-03  0.1184E-03  0.1466E-03  0.1466E-03
  0.2755E+00  0.3196E-03  0.1204E-03  0.1462E-03  0.1462E-03
  0.2763E+00  0.4260E-04  0.1203E-03  0.1458E-03  0.1458E-03
  0.2770E+00 -0.9135E-04  0.1161E-03  0.1454E-03  0.1454E-03
  0.2777E+00  0.4139E-03  0.1160E-03  0.1450E-03  0.1450E-03
  0.2784E+00 -0.5249E-04  0.1132E-03  0.1447E-03  0.1447E-03
  0.2792E+00  0.4048E-04  0.1125E-03  0.1444E-03  0.1444E-03
  0.2799E+00  0.1077E-03  0.1122E-03  0.1440E-03  0.1440E-03
  0.2806E+00  0.1460E-03  0.1119E-03  0.1437E-03  0.1437E-03
  0.2813E+00  0.1675E-03  0.1111E-03  0.1434E-03  0.1434E-03
  0.2818E+00  0.4328E-03  0.1931E-03  0.1432E-03  0.1432E-03

           Distance distribution  function of particle  


       R          P(R)      ERROR

  0.0000E+00  0.0000E+00  0.0000E+00
  0.9078E+00  0.1284E-05  0.1999E-06
  0.1816E+01  0.3292E-05  0.3256E-06
  0.2723E+01  0.6010E-05  0.3821E-06
  0.3631E+01  0.9417E-05  0.3772E-06
  0.4539E+01  0.1349E-04  0.3215E-06
  0.5447E+01  0.1818E-04  0.2290E-06
  0.6355E+01  0.2345E-04  0.1242E-06
  0.7262E+01  0.2926E-04  0.1055E-06
  0.8170E+01  0.3554E-04  0.2141E-06
  0.9078E+01  0.4223E-04  0.3349E-06
  0.9986E+01  0.4928E-04  0.4386E-06
  0.1089E+02  0.5661E-04  0.5139E-06
  0.1180E+02  0.6415E-04  0.5549E-06
  0.1271E+02  0.7184E-04  0.5587E-06
  0.1362E+02  0.7960E-04  0.5262E-06
  0.1452E+02  0.8737E-04  0.4616E-06
  0.1543E+02  0.9508E-04  0.3739E-06
  0.1634E+02  0.1027E-03  0.2801E-06
  0.1725E+02  0.1101E-03  0.2165E-06
  0.1816E+02  0.1172E-03  0.2337E-06
  0.1906E+02  0.1241E-03  0.3170E-06
  0.1997E+02  0.1307E-03  0.4157E-06
  0.2088E+02  0.1369E-03  0.5030E-06
  0.2179E+02  0.1428E-03  0.5660E-06
  0.2270E+02  0.1482E-03  0.5985E-06
  0.2360E+02  0.1532E-03  0.5981E-06
  0.2451E+02  0.1579E-03  0.5663E-06
  0.2542E+02  0.1620E-03  0.5088E-06
  0.2633E+02  0.1658E-03  0.4368E-06
  0.2723E+02  0.1691E-03  0.3696E-06
  0.2814E+02  0.1720E-03  0.3358E-06
  0.2905E+02  0.1745E-03  0.3575E-06
  0.2996E+02  0.1766E-03  0.4238E-06
  0.3087E+02  0.1783E-03  0.5060E-06
  0.3177E+02  0.1797E-03  0.5817E-06
  0.3268E+02  0.1806E-03  0.6371E-06
  0.3359E+02  0.1812E-03  0.6645E-06
  0.3450E+02  0.1814E-03  0.6608E-06
  0.3540E+02  0.1812E-03  0.6269E-06
  0.3631E+02  0.1806E-03  0.5684E-06
  0.3722E+02  0.1797E-03  0.4963E-06
  0.3813E+02  0.1783E-03  0.4298E-06
  0.3904E+02  0.1766E-03  0.3962E-06
  0.3994E+02  0.1745E-03  0.4164E-06
  0.4085E+02  0.1721E-03  0.4829E-06
  0.4176E+02  0.1692E-03  0.5697E-06
  0.4267E+02  0.1660E-03  0.6537E-06
  0.4357E+02  0.1624E-03  0.7197E-06
  0.4448E+02  0.1585E-03  0.7587E-06
  0.4539E+02  0.1542E-03  0.7663E-06
  0.4630E+02  0.1497E-03  0.7422E-06
  0.4721E+02  0.1448E-03  0.6904E-06
  0.4811E+02  0.1398E-03  0.6195E-06
  0.4902E+02  0.1345E-03  0.5443E-06
  0.4993E+02  0.1290E-03  0.4869E-06
  0.5084E+02  0.1234E-03  0.4713E-06
  0.5174E+02  0.1177E-03  0.5064E-06
  0.5265E+02  0.1119E-03  0.5775E-06
  0.5356E+02  0.1061E-03  0.6605E-06
  0.5447E+02  0.1003E-03  0.7363E-06
  0.5538E+02  0.9451E-04  0.7929E-06
  0.5628E+02  0.8881E-04  0.8239E-06
  0.5719E+02  0.8321E-04  0.8281E-06
  0.5810E+02  0.7772E-04  0.8089E-06
  0.5901E+02  0.7237E-04  0.7744E-06
  0.5991E+02  0.6716E-04  0.7373E-06
  0.6082E+02  0.6213E-04  0.7127E-06
  0.6173E+02  0.5726E-04  0.7139E-06
  0.6264E+02  0.5258E-04  0.7457E-06
  0.6355E+02  0.4809E-04  0.8014E-06
  0.6445E+02  0.4379E-04  0.8676E-06
  0.6536E+02  0.3970E-04  0.9300E-06
  0.6627E+02  0.3581E-04  0.9772E-06
  0.6718E+02  0.3213E-04  0.1002E-05
  0.6809E+02  0.2866E-04  0.1002E-05
  0.6899E+02  0.2541E-04  0.9798E-06
  0.6990E+02  0.2238E-04  0.9422E-06
  0.7081E+02  0.1958E-04  0.9016E-06
  0.7172E+02  0.1701E-04  0.8734E-06
  0.7262E+02  0.1466E-04  0.8717E-06
  0.7353E+02  0.1254E-04  0.9026E-06
  0.7444E+02  0.1065E-04  0.9602E-06
  0.7535E+02  0.8971E-05  0.1030E-05
  0.7626E+02  0.7503E-05  0.1095E-05
  0.7716E+02  0.6232E-05  0.1140E-05
  0.7807E+02  0.5142E-05  0.1155E-05
  0.7898E+02  0.4216E-05  0.1132E-05
  0.7989E+02  0.3434E-05  0.1074E-05
  0.8079E+02  0.2776E-05  0.9919E-06
  0.8170E+02  0.2221E-05  0.9099E-06
  0.8261E+02  0.1750E-05  0.8665E-06
  0.8352E+02  0.1345E-05  0.8989E-06
  0.8443E+02  0.9927E-06  0.1011E-05
  0.8533E+02  0.6834E-06  0.1166E-05
  0.8624E+02  0.4133E-06  0.1312E-05
  0.8715E+02  0.1852E-06  0.1395E-05
  0.8806E+02  0.8973E-08  0.1361E-05
  0.8896E+02 -0.9815E-07  0.1157E-05
  0.8987E+02 -0.1116E-06  0.7233E-06
  0.9078E+02  0.0000E+00  0.0000E+00
          Reciprocal space: Rg =   28.07     , I(0) =   0.9461E-01
     Real space: Rg =   28.07 +- 0.047  I(0) =   0.9461E-01 +-  0.1122E-03
